Using pre-set license
Built from '2021.3/staging' branch; Version is '2021.3.15f1 (e8e88683f834) revision 15263878'; Using compiler version '192829333'; Build Type 'Release'
OS: 'Windows 10  (10.0.19044) 64bit Professional' Language: 'en' Physical Memory: 16317 MB
BatchMode: 1, IsHumanControllingUs: 0, StartBugReporterOnCrash: 0, Is64bit: 1, IsPro: 1

COMMAND LINE ARGUMENTS:
C:\Program Files (x86)\Unity\2021.3.15f1\Editor\Unity.exe
-adb2
-batchMode
-noUpm
-name
AssetImportWorker1
-projectPath
C:/Users/sissi/Documents/UnityProjects/Vermilionland
-logFile
Logs/AssetImportWorker1.log
-srvPort
51160
Successfully changed project path to: C:/Users/sissi/Documents/UnityProjects/Vermilionland
C:/Users/sissi/Documents/UnityProjects/Vermilionland
[UnityMemory] Configuration Parameters - Can be set up in boot.config
    "memorysetup-bucket-allocator-granularity=16"
    "memorysetup-bucket-allocator-bucket-count=8"
    "memorysetup-bucket-allocator-block-size=33554432"
    "memorysetup-bucket-allocator-block-count=8"
    "memorysetup-main-allocator-block-size=16777216"
    "memorysetup-thread-allocator-block-size=16777216"
    "memorysetup-gfx-main-allocator-block-size=16777216"
    "memorysetup-gfx-thread-allocator-block-size=16777216"
    "memorysetup-cache-allocator-block-size=4194304"
    "memorysetup-typetree-allocator-block-size=2097152"
    "memorysetup-profiler-bucket-allocator-granularity=16"
    "memorysetup-profiler-bucket-allocator-bucket-count=8"
    "memorysetup-profiler-bucket-allocator-block-size=33554432"
    "memorysetup-profiler-bucket-allocator-block-count=8"
    "memorysetup-profiler-allocator-block-size=16777216"
    "memorysetup-profiler-editor-allocator-block-size=1048576"
    "memorysetup-temp-allocator-size-main=16777216"
    "memorysetup-job-temp-allocator-block-size=2097152"
    "memorysetup-job-temp-allocator-block-size-background=1048576"
    "memorysetup-job-temp-allocator-reduction-small-platforms=262144"
    "memorysetup-temp-allocator-size-background-worker=32768"
    "memorysetup-temp-allocator-size-job-worker=262144"
    "memorysetup-temp-allocator-size-preload-manager=33554432"
    "memorysetup-temp-allocator-size-nav-mesh-worker=65536"
    "memorysetup-temp-allocator-size-audio-worker=65536"
    "memorysetup-temp-allocator-size-cloud-worker=32768"
    "memorysetup-temp-allocator-size-gi-baking-worker=262144"
    "memorysetup-temp-allocator-size-gfx=262144"
Player connection [9664] Host "[IP] 192.168.1.231 [Port] 0 [Flags] 2 [Guid] 455206468 [EditorId] 455206468 [Version] 1048832 [Id] WindowsEditor(7,DESKTOP-9U8FRDS) [Debug] 1 [PackageName] WindowsEditor [ProjectName] Editor" joined multi-casting on [225.0.0.222:54997]...

Player connection [9664] Host "[IP] 192.168.1.231 [Port] 0 [Flags] 2 [Guid] 455206468 [EditorId] 455206468 [Version] 1048832 [Id] WindowsEditor(7,DESKTOP-9U8FRDS) [Debug] 1 [PackageName] WindowsEditor [ProjectName] Editor" joined alternative multi-casting on [225.0.0.222:34997]...

Refreshing native plugins compatible for Editor in 279.16 ms, found 8 plugins.
Preloading 0 native plugins for Editor in 0.00 ms.
Initialize engine version: 2021.3.15f1 (e8e88683f834)
[Subsystems] Discovering subsystems at path C:/Program Files (x86)/Unity/2021.3.15f1/Editor/Data/Resources/UnitySubsystems
[Subsystems] Discovering subsystems at path C:/Users/sissi/Documents/UnityProjects/Vermilionland/Assets
GfxDevice: creating device client; threaded=0; jobified=0
Direct3D:
    Version:  Direct3D 11.0 [level 11.1]
    Renderer: NVIDIA GeForce GTX 1080 Ti (ID=0x1b06)
    Vendor:   NVIDIA
    VRAM:     11128 MB
    Driver:   31.0.15.2225
Initialize mono
Mono path[0] = 'C:/Program Files (x86)/Unity/2021.3.15f1/Editor/Data/Managed'
Mono path[1] = 'C:/Program Files (x86)/Unity/2021.3.15f1/Editor/Data/MonoBleedingEdge/lib/mono/unityjit-win32'
Mono config path = 'C:/Program Files (x86)/Unity/2021.3.15f1/Editor/Data/MonoBleedingEdge/etc'
Using monoOptions --debugger-agent=transport=dt_socket,embedding=1,server=y,suspend=n,address=127.0.0.1:56220
Begin MonoManager ReloadAssembly
Registering precompiled unity dll's ...
Register platform support module: C:/Program Files (x86)/Unity/2021.3.15f1/Editor/Data/PlaybackEngines/WindowsStandaloneSupport/UnityEditor.WindowsStandalone.Extensions.dll
Registered in 0.009229 seconds.
Native extension for WindowsStandalone target not found
Refreshing native plugins compatible for Editor in 291.78 ms, found 8 plugins.
Preloading 0 native plugins for Editor in 0.00 ms.
Mono: successfully reloaded assembly
- Completed reload, in  1.021 seconds
Domain Reload Profiling:
	ReloadAssembly (1021ms)
		BeginReloadAssembly (94ms)
			ExecutionOrderSort (0ms)
			DisableScriptedObjects (0ms)
			BackupInstance (0ms)
			ReleaseScriptingObjects (0ms)
			CreateAndSetChildDomain (1ms)
		EndReloadAssembly (789ms)
			LoadAssemblies (89ms)
			RebuildTransferFunctionScriptingTraits (0ms)
			SetupTypeCache (117ms)
			ReleaseScriptCaches (0ms)
			RebuildScriptCaches (33ms)
			SetupLoadedEditorAssemblies (579ms)
				LogAssemblyErrors (0ms)
				InitializePlatformSupportModulesInManaged (7ms)
				SetLoadedEditorAssemblies (0ms)
				RefreshPlugins (292ms)
				BeforeProcessingInitializeOnLoad (2ms)
				ProcessInitializeOnLoadAttributes (202ms)
				ProcessInitializeOnLoadMethodAttributes (76ms)
				AfterProcessingInitializeOnLoad (0ms)
				EditorAssembliesLoaded (0ms)
			ExecutionOrderSort2 (0ms)
			AwakeInstancesAfterBackupRestoration (0ms)
Platform modules already initialized, skipping
Registering precompiled user dll's ...
Registered in 0.019536 seconds.
Begin MonoManager ReloadAssembly
Symbol file LoadedFromMemory doesn't match image C:\Users\sissi\Documents\UnityProjects\Vermilionland\Library\PackageCache\com.unity.visualscripting@1.7.8\Editor\VisualScripting.Core\Dependencies\YamlDotNet\Unity.VisualScripting.YamlDotNet.dll
Symbol file LoadedFromMemory doesn't match image C:\Users\sissi\Documents\UnityProjects\Vermilionland\Library\PackageCache\com.unity.visualscripting@1.7.8\Editor\VisualScripting.Core\Dependencies\DotNetZip\Unity.VisualScripting.IonicZip.dll
Native extension for WindowsStandalone target not found
Refreshing native plugins compatible for Editor in 275.57 ms, found 8 plugins.
Preloading 0 native plugins for Editor in 0.00 ms.
Mono: successfully reloaded assembly
- Completed reload, in  1.916 seconds
Domain Reload Profiling:
	ReloadAssembly (1916ms)
		BeginReloadAssembly (127ms)
			ExecutionOrderSort (0ms)
			DisableScriptedObjects (8ms)
			BackupInstance (0ms)
			ReleaseScriptingObjects (0ms)
			CreateAndSetChildDomain (21ms)
		EndReloadAssembly (1637ms)
			LoadAssemblies (118ms)
			RebuildTransferFunctionScriptingTraits (0ms)
			SetupTypeCache (328ms)
			ReleaseScriptCaches (1ms)
			RebuildScriptCaches (76ms)
			SetupLoadedEditorAssemblies (1064ms)
				LogAssemblyErrors (0ms)
				InitializePlatformSupportModulesInManaged (7ms)
				SetLoadedEditorAssemblies (0ms)
				RefreshPlugins (276ms)
				BeforeProcessingInitializeOnLoad (149ms)
				ProcessInitializeOnLoadAttributes (577ms)
				ProcessInitializeOnLoadMethodAttributes (43ms)
				AfterProcessingInitializeOnLoad (10ms)
				EditorAssembliesLoaded (0ms)
			ExecutionOrderSort2 (0ms)
			AwakeInstancesAfterBackupRestoration (6ms)
Platform modules already initialized, skipping
========================================================================
Worker process is ready to serve import requests
Launched and connected shader compiler UnityShaderCompiler.exe after 0.05 seconds
Refreshing native plugins compatible for Editor in 1.87 ms, found 8 plugins.
Preloading 0 native plugins for Editor in 0.00 ms.
Unloading 4983 Unused Serialized files (Serialized files now loaded: 0)
Unloading 69 unused Assets / (0.8 MB). Loaded Objects now: 5429.
Memory consumption went from 193.9 MB to 193.2 MB.
Total: 5.188700 ms (FindLiveObjects: 0.378900 ms CreateObjectMapping: 0.347000 ms MarkObjects: 4.066500 ms  DeleteObjects: 0.395400 ms)

AssetImportParameters requested are different than current active one (requested -> active):
  custom:video-decoder-ogg-theora: a1e56fd34408186e4bbccfd4996cb3dc -> 
  custom:container-muxer-webm: aa71ff27fc2769a1b78a27578f13a17b -> 
  custom:container-demuxer-webm: 4f35f7cbe854078d1ac9338744f61a02 -> 
  custom:video-encoder-webm-vp8: eb34c28f22e8b96e1ab97ce403110664 -> 
  custom:audio-encoder-webm-vorbis: bf7c407c2cedff20999df2af8eb42d56 -> 
  custom:framework-win-MediaFoundation: 216162199b28c13a410421893ffa2e32 -> 
  custom:container-demuxer-ogg: 62fdf1f143b41e24485cea50d1cbac27 -> 
  custom:video-decoder-webm-vp8: 9c59270c3fd7afecdb556c50c9e8de78 -> 
  custom:audio-decoder-ogg-vorbis: bf7c407c2cedff20999df2af8eb42d56 -> 
========================================================================
Received Import Request.
  Time since last request: 15939.005705 seconds.
  path: Assets/Graphics/pistol.png
  artifactKey: Guid(c8dad958330dad64c90584fa4cc27ec6) Importer(815301076,1909f56bfc062723c751e8b465ee728b)
Start importing Assets/Graphics/pistol.png using Guid(c8dad958330dad64c90584fa4cc27ec6) Importer(815301076,1909f56bfc062723c751e8b465ee728b)  -> (artifact id: 'fbcbb9164b2557451a37269a191c7350') in 0.123823 seconds 
========================================================================
Received Import Request.
  Time since last request: 0.000019 seconds.
  path: Assets/Graphics/shotgun.png
  artifactKey: Guid(f1b8bc5dfd5bbc946bdbafdf2c7cc773) Importer(815301076,1909f56bfc062723c751e8b465ee728b)
Start importing Assets/Graphics/shotgun.png using Guid(f1b8bc5dfd5bbc946bdbafdf2c7cc773) Importer(815301076,1909f56bfc062723c751e8b465ee728b)  -> (artifact id: '9cc17c2254a0c57ab3ac589bbfe9bd1b') in 0.013860 seconds 
========================================================================
Received Import Request.
  Time since last request: 0.000023 seconds.
  path: Assets/Graphics/enemyranged.png
  artifactKey: Guid(33c4075998d776d4180cbf2a56ef3643) Importer(815301076,1909f56bfc062723c751e8b465ee728b)
Start importing Assets/Graphics/enemyranged.png using Guid(33c4075998d776d4180cbf2a56ef3643) Importer(815301076,1909f56bfc062723c751e8b465ee728b)  -> (artifact id: 'fa9e0350fe16640cb3fc43ca5d0a3383') in 0.018439 seconds 
========================================================================
Received Import Request.
  Time since last request: 0.000022 seconds.
  path: Assets/Graphics/enemymelee.png
  artifactKey: Guid(e0a8ac46286692d489d78568692560f4) Importer(815301076,1909f56bfc062723c751e8b465ee728b)
Start importing Assets/Graphics/enemymelee.png using Guid(e0a8ac46286692d489d78568692560f4) Importer(815301076,1909f56bfc062723c751e8b465ee728b)  -> (artifact id: 'd2810823e9c5cd92be5dfb6279287af4') in 0.018796 seconds 
========================================================================
Received Import Request.
  Time since last request: 419.813600 seconds.
  path: Assets/Graphics/shotgun.png
  artifactKey: Guid(f1b8bc5dfd5bbc946bdbafdf2c7cc773) Importer(815301076,1909f56bfc062723c751e8b465ee728b)
Start importing Assets/Graphics/shotgun.png using Guid(f1b8bc5dfd5bbc946bdbafdf2c7cc773) Importer(815301076,1909f56bfc062723c751e8b465ee728b)  -> (artifact id: 'dfb85e6890c679143f74b7e564fe8223') in 0.038150 seconds 
