Using pre-set license
Built from '2021.3/release' branch; Version is '2021.3.12f1 (8af3c3e441b1) revision 9106371'; Using compiler version '192829333'; Build Type 'Release'
OS: 'Windows 10  (10.0.19044) 64bit Professional' Language: 'en' Physical Memory: 16317 MB
BatchMode: 1, IsHumanControllingUs: 0, StartBugReporterOnCrash: 0, Is64bit: 1, IsPro: 1

COMMAND LINE ARGUMENTS:
C:\Program Files (x86)\Unity\2021.3.12f1\Editor\Unity.exe
-adb2
-batchMode
-noUpm
-name
AssetImportWorker0
-projectPath
C:/Users/sissi/Documents/UnityProjects/Vermilionland
-logFile
Logs/AssetImportWorker0.log
-srvPort
65451
Successfully changed project path to: C:/Users/sissi/Documents/UnityProjects/Vermilionland
C:/Users/sissi/Documents/UnityProjects/Vermilionland
[UnityMemory] Configuration Parameters - Can be set up in boot.config
    "memorysetup-bucket-allocator-granularity=16"
    "memorysetup-bucket-allocator-bucket-count=8"
    "memorysetup-bucket-allocator-block-size=33554432"
    "memorysetup-bucket-allocator-block-count=8"
    "memorysetup-main-allocator-block-size=16777216"
    "memorysetup-thread-allocator-block-size=16777216"
    "memorysetup-gfx-main-allocator-block-size=16777216"
    "memorysetup-gfx-thread-allocator-block-size=16777216"
    "memorysetup-cache-allocator-block-size=4194304"
    "memorysetup-typetree-allocator-block-size=2097152"
    "memorysetup-profiler-bucket-allocator-granularity=16"
    "memorysetup-profiler-bucket-allocator-bucket-count=8"
    "memorysetup-profiler-bucket-allocator-block-size=33554432"
    "memorysetup-profiler-bucket-allocator-block-count=8"
    "memorysetup-profiler-allocator-block-size=16777216"
    "memorysetup-profiler-editor-allocator-block-size=1048576"
    "memorysetup-temp-allocator-size-main=16777216"
    "memorysetup-job-temp-allocator-block-size=2097152"
    "memorysetup-job-temp-allocator-block-size-background=1048576"
    "memorysetup-job-temp-allocator-reduction-small-platforms=262144"
    "memorysetup-temp-allocator-size-background-worker=32768"
    "memorysetup-temp-allocator-size-job-worker=262144"
    "memorysetup-temp-allocator-size-preload-manager=33554432"
    "memorysetup-temp-allocator-size-nav-mesh-worker=65536"
    "memorysetup-temp-allocator-size-audio-worker=65536"
    "memorysetup-temp-allocator-size-cloud-worker=32768"
    "memorysetup-temp-allocator-size-gi-baking-worker=262144"
    "memorysetup-temp-allocator-size-gfx=262144"
Refreshing native plugins compatible for Editor in 135.44 ms, found 8 plugins.
Preloading 0 native plugins for Editor in 0.00 ms.
Initialize engine version: 2021.3.12f1 (8af3c3e441b1)
[Subsystems] Discovering subsystems at path C:/Program Files (x86)/Unity/2021.3.12f1/Editor/Data/Resources/UnitySubsystems
[Subsystems] Discovering subsystems at path C:/Users/sissi/Documents/UnityProjects/Vermilionland/Assets
GfxDevice: creating device client; threaded=0; jobified=0
Direct3D:
    Version:  Direct3D 11.0 [level 11.1]
    Renderer: NVIDIA GeForce GTX 1080 Ti (ID=0x1b06)
    Vendor:   NVIDIA
    VRAM:     11128 MB
    Driver:   31.0.15.2225
Initialize mono
Mono path[0] = 'C:/Program Files (x86)/Unity/2021.3.12f1/Editor/Data/Managed'
Mono path[1] = 'C:/Program Files (x86)/Unity/2021.3.12f1/Editor/Data/MonoBleedingEdge/lib/mono/unityjit-win32'
Mono config path = 'C:/Program Files (x86)/Unity/2021.3.12f1/Editor/Data/MonoBleedingEdge/etc'
Using monoOptions --debugger-agent=transport=dt_socket,embedding=1,server=y,suspend=n,address=127.0.0.1:56304
Begin MonoManager ReloadAssembly
Registering precompiled unity dll's ...
Register platform support module: C:/Program Files (x86)/Unity/2021.3.12f1/Editor/Data/PlaybackEngines/WindowsStandaloneSupport/UnityEditor.WindowsStandalone.Extensions.dll
Registered in 0.007926 seconds.
Native extension for WindowsStandalone target not found
Refreshing native plugins compatible for Editor in 195.50 ms, found 8 plugins.
Preloading 0 native plugins for Editor in 0.00 ms.
Mono: successfully reloaded assembly
- Completed reload, in  0.981 seconds
Domain Reload Profiling:
	ReloadAssembly (982ms)
		BeginReloadAssembly (87ms)
			ExecutionOrderSort (0ms)
			DisableScriptedObjects (0ms)
			BackupInstance (0ms)
			ReleaseScriptingObjects (0ms)
			CreateAndSetChildDomain (1ms)
		EndReloadAssembly (757ms)
			LoadAssemblies (83ms)
			RebuildTransferFunctionScriptingTraits (0ms)
			SetupTypeCache (120ms)
			ReleaseScriptCaches (0ms)
			RebuildScriptCaches (34ms)
			SetupLoadedEditorAssemblies (544ms)
				LogAssemblyErrors (0ms)
				InitializePlatformSupportModulesInManaged (10ms)
				SetLoadedEditorAssemblies (0ms)
				RefreshPlugins (196ms)
				BeforeProcessingInitializeOnLoad (3ms)
				ProcessInitializeOnLoadAttributes (243ms)
				ProcessInitializeOnLoadMethodAttributes (93ms)
				AfterProcessingInitializeOnLoad (0ms)
				EditorAssembliesLoaded (0ms)
			ExecutionOrderSort2 (0ms)
			AwakeInstancesAfterBackupRestoration (0ms)
Platform modules already initialized, skipping
Registering precompiled user dll's ...
Registered in 0.095369 seconds.
Begin MonoManager ReloadAssembly
Symbol file LoadedFromMemory doesn't match image C:\Users\sissi\Documents\UnityProjects\Vermilionland\Library\PackageCache\com.unity.visualscripting@1.7.8\Editor\VisualScripting.Core\Dependencies\YamlDotNet\Unity.VisualScripting.YamlDotNet.dll
Symbol file LoadedFromMemory doesn't match image C:\Users\sissi\Documents\UnityProjects\Vermilionland\Library\PackageCache\com.unity.visualscripting@1.7.8\Editor\VisualScripting.Core\Dependencies\DotNetZip\Unity.VisualScripting.IonicZip.dll
Native extension for WindowsStandalone target not found
Refreshing native plugins compatible for Editor in 152.61 ms, found 8 plugins.
Preloading 0 native plugins for Editor in 0.00 ms.
Mono: successfully reloaded assembly
- Completed reload, in  1.697 seconds
Domain Reload Profiling:
	ReloadAssembly (1698ms)
		BeginReloadAssembly (128ms)
			ExecutionOrderSort (0ms)
			DisableScriptedObjects (6ms)
			BackupInstance (0ms)
			ReleaseScriptingObjects (0ms)
			CreateAndSetChildDomain (21ms)
		EndReloadAssembly (1407ms)
			LoadAssemblies (114ms)
			RebuildTransferFunctionScriptingTraits (0ms)
			SetupTypeCache (388ms)
			ReleaseScriptCaches (1ms)
			RebuildScriptCaches (98ms)
			SetupLoadedEditorAssemblies (737ms)
				LogAssemblyErrors (0ms)
				InitializePlatformSupportModulesInManaged (6ms)
				SetLoadedEditorAssemblies (0ms)
				RefreshPlugins (153ms)
				BeforeProcessingInitializeOnLoad (152ms)
				ProcessInitializeOnLoadAttributes (347ms)
				ProcessInitializeOnLoadMethodAttributes (65ms)
				AfterProcessingInitializeOnLoad (13ms)
				EditorAssembliesLoaded (0ms)
			ExecutionOrderSort2 (0ms)
			AwakeInstancesAfterBackupRestoration (9ms)
Platform modules already initialized, skipping
========================================================================
Worker process is ready to serve import requests
Launched and connected shader compiler UnityShaderCompiler.exe after 0.05 seconds
Refreshing native plugins compatible for Editor in 2.02 ms, found 8 plugins.
Preloading 0 native plugins for Editor in 0.00 ms.
Unloading 5000 Unused Serialized files (Serialized files now loaded: 0)
Unloading 69 unused Assets / (0.8 MB). Loaded Objects now: 5446.
Memory consumption went from 189.4 MB to 188.6 MB.
Total: 5.266400 ms (FindLiveObjects: 0.430100 ms CreateObjectMapping: 0.452200 ms MarkObjects: 3.563200 ms  DeleteObjects: 0.819500 ms)

AssetImportParameters requested are different than current active one (requested -> active):
  custom:video-decoder-ogg-theora: a1e56fd34408186e4bbccfd4996cb3dc -> 
  custom:container-muxer-webm: aa71ff27fc2769a1b78a27578f13a17b -> 
  custom:container-demuxer-webm: 4f35f7cbe854078d1ac9338744f61a02 -> 
  custom:video-encoder-webm-vp8: eb34c28f22e8b96e1ab97ce403110664 -> 
  custom:audio-encoder-webm-vorbis: bf7c407c2cedff20999df2af8eb42d56 -> 
  custom:framework-win-MediaFoundation: 216162199b28c13a410421893ffa2e32 -> 
  custom:container-demuxer-ogg: 62fdf1f143b41e24485cea50d1cbac27 -> 
  custom:video-decoder-webm-vp8: 9c59270c3fd7afecdb556c50c9e8de78 -> 
  custom:audio-decoder-ogg-vorbis: bf7c407c2cedff20999df2af8eb42d56 -> 
========================================================================
Received Import Request.
  Time since last request: 1728393.359436 seconds.
  path: Assets/Animations/Idle.anim
  artifactKey: Guid(786ffa48e7d288e4c9eaa9bf112a999a) Importer(815301076,1909f56bfc062723c751e8b465ee728b)
Start importing Assets/Animations/Idle.anim using Guid(786ffa48e7d288e4c9eaa9bf112a999a) Importer(815301076,1909f56bfc062723c751e8b465ee728b)  -> (artifact id: '00000000000000000000000000000000') in 0.591329 seconds  code(4) message(Build asset version error: assets/animations/idle.anim in SourceAssetDB has modification time of '2022-09-15T12:24:46.3518762Z' while content on disk has modification time of '0001-01-01T00:00:00Z' with error code 2
Stacktrace:
0x00007ff726b9758d (Unity) StackWalker::GetCurrentCallstack
0x00007ff726b9e269 (Unity) StackWalker::ShowCallstack
0x00007ff727b01023 (Unity) GetStacktrace
0x00007ff727e9eed4 (Unity) GetAssetHashAndValidate
0x00007ff727e9a438 (Unity) AssetVersionBuilder::BuildHashOfSourceAssetArray
0x00007ff727e9840d (Unity) AssetVersionBuilder::BuildAssetVersion
0x00007ff727e1fa3a (Unity) CreateAssetVersionBuilder
0x00007ff727e26533 (Unity) ImportToObjects
0x00007ff727e25263 (Unity) ImportAsset
0x00007ff727e47ca2 (Unity) AssetImportWorker::Import
0x00007ff727ead8d4 (Unity) <lambda_34eb386beac601fc98af650e0c483412>::operator()
0x00007ff727eef682 (Unity) asio::detail::completion_handler<core::mutable_function<void __cdecl(void)>,asio::io_context::basic_executor_type<std::allocator<void>,0> >::do_complete
0x00007ff727edb56e (Unity) asio::detail::win_iocp_io_context::do_one
0x00007ff727edd1d4 (Unity) asio::detail::win_iocp_io_context::run
0x00007ff727eeda6e (Unity) IOService::Run
0x00007ff727ec067f (Unity) AssetImportWorkerClient::Run
0x00007ff727e8a7b3 (Unity) RunAssetImportWorkerClientV2
0x00007ff727e8a83b (Unity) RunAssetImporterV2
0x00007ff7276ac968 (Unity) Application::InitializeProject
0x00007ff727b0b768 (Unity) WinMain
0x00007ff728eab91e (Unity) __scrt_common_main_seh
0x00007ffa154c7034 (KERNEL32) BaseThreadInitThunk
0x00007ffa173026a1 (ntdll) RtlUserThreadStart
)
  ERROR: Build asset version error: assets/animations/idle.anim in SourceAssetDB has modification time of '2022-09-15T12:24:46.3518762Z' while content on disk has modification time of '0001-01-01T00:00:00Z' with error code 2
Stacktrace:
0x00007ff726b9758d (Unity) StackWalker::GetCurrentCallstack
0x00007ff726b9e269 (Unity) StackWalker::ShowCallstack
0x00007ff727b01023 (Unity) GetStacktrace
0x00007ff727e9eed4 (Unity) GetAssetHashAndValidate
0x00007ff727e9a438 (Unity) AssetVersionBuilder::BuildHashOfSourceAssetArray
0x00007ff727e9840d (Unity) AssetVersionBuilder::BuildAssetVersion
0x00007ff727e1fa3a (Unity) CreateAssetVersionBuilder
0x00007ff727e26533 (Unity) ImportToObjects
0x00007ff727e25263 (Unity) ImportAsset
0x00007ff727e47ca2 (Unity) AssetImportWorker::Import
0x00007ff727ead8d4 (Unity) <lambda_34eb386beac601fc98af650e0c483412>::operator()
0x00007ff727eef682 (Unity) asio::detail::completion_handler<core::mutable_function<void __cdecl(void)>,asio::io_context::basic_executor_type<std::allocator<void>,0> >::do_complete
0x00007ff727edb56e (Unity) asio::detail::win_iocp_io_context::do_one
0x00007ff727edd1d4 (Unity) asio::detail::win_iocp_io_context::run
0x00007ff727eeda6e (Unity) IOService::Run
0x00007ff727ec067f (Unity) AssetImportWorkerClient::Run
0x00007ff727e8a7b3 (Unity) RunAssetImportWorkerClientV2
0x00007ff727e8a83b (Unity) RunAssetImporterV2
0x00007ff7276ac968 (Unity) Application::InitializeProject
0x00007ff727b0b768 (Unity) WinMain
0x00007ff728eab91e (Unity) __scrt_common_main_seh
0x00007ffa154c7034 (KERNEL32) BaseThreadInitThunk
0x00007ffa173026a1 (ntdll) RtlUserThreadStart

========================================================================
Received Import Request.
  Time since last request: 63.858116 seconds.
  path: Assets/Animations/EnemyAttack.anim
  artifactKey: Guid(e1d3fcd7a97d0f141ab70577e28fe0b0) Importer(815301076,1909f56bfc062723c751e8b465ee728b)
Start importing Assets/Animations/EnemyAttack.anim using Guid(e1d3fcd7a97d0f141ab70577e28fe0b0) Importer(815301076,1909f56bfc062723c751e8b465ee728b)  -> (artifact id: 'a2cd8ddb2daca1c023656a642bbc96be') in 0.026897 seconds 
========================================================================
Received Import Request.
  Time since last request: 322.154945 seconds.
  path: Assets/Scripts/EnemyScripts/AttackState.cs
  artifactKey: Guid(c23524c50b889f7438786a227c3fd8a5) Importer(815301076,1909f56bfc062723c751e8b465ee728b)
Start importing Assets/Scripts/EnemyScripts/AttackState.cs using Guid(c23524c50b889f7438786a227c3fd8a5) Importer(815301076,1909f56bfc062723c751e8b465ee728b)  -> (artifact id: '161966ec9a00308ae5910447761b556f') in 0.020237 seconds 
========================================================================
Received Import Request.
  Time since last request: 102.912274 seconds.
  path: Assets/Scripts/EnemyScripts/AttackState.cs
  artifactKey: Guid(c23524c50b889f7438786a227c3fd8a5) Importer(815301076,1909f56bfc062723c751e8b465ee728b)
Start importing Assets/Scripts/EnemyScripts/AttackState.cs using Guid(c23524c50b889f7438786a227c3fd8a5) Importer(815301076,1909f56bfc062723c751e8b465ee728b)  -> (artifact id: 'b8d2208dc7b1da4ddd210c176c887c75') in 0.003032 seconds 
========================================================================
Received Prepare
Registering precompiled user dll's ...
Registered in 0.014268 seconds.
Begin MonoManager ReloadAssembly
Symbol file LoadedFromMemory doesn't match image C:\Users\sissi\Documents\UnityProjects\Vermilionland\Library\PackageCache\com.unity.visualscripting@1.7.8\Editor\VisualScripting.Core\Dependencies\YamlDotNet\Unity.VisualScripting.YamlDotNet.dll
Symbol file LoadedFromMemory doesn't match image C:\Users\sissi\Documents\UnityProjects\Vermilionland\Library\PackageCache\com.unity.visualscripting@1.7.8\Editor\VisualScripting.Core\Dependencies\DotNetZip\Unity.VisualScripting.IonicZip.dll
Native extension for WindowsStandalone target not found
Refreshing native plugins compatible for Editor in 0.94 ms, found 8 plugins.
Preloading 0 native plugins for Editor in 0.00 ms.
Mono: successfully reloaded assembly
- Completed reload, in  1.853 seconds
Domain Reload Profiling:
	ReloadAssembly (1854ms)
		BeginReloadAssembly (272ms)
			ExecutionOrderSort (0ms)
			DisableScriptedObjects (7ms)
			BackupInstance (0ms)
			ReleaseScriptingObjects (0ms)
			CreateAndSetChildDomain (49ms)
		EndReloadAssembly (1418ms)
			LoadAssemblies (221ms)
			RebuildTransferFunctionScriptingTraits (0ms)
			SetupTypeCache (718ms)
			ReleaseScriptCaches (2ms)
			RebuildScriptCaches (70ms)
			SetupLoadedEditorAssemblies (455ms)
				LogAssemblyErrors (0ms)
				InitializePlatformSupportModulesInManaged (13ms)
				SetLoadedEditorAssemblies (1ms)
				RefreshPlugins (1ms)
				BeforeProcessingInitializeOnLoad (105ms)
				ProcessInitializeOnLoadAttributes (280ms)
				ProcessInitializeOnLoadMethodAttributes (45ms)
				AfterProcessingInitializeOnLoad (11ms)
				EditorAssembliesLoaded (0ms)
			ExecutionOrderSort2 (0ms)
			AwakeInstancesAfterBackupRestoration (9ms)
Platform modules already initialized, skipping
Refreshing native plugins compatible for Editor in 7.06 ms, found 8 plugins.
Preloading 0 native plugins for Editor in 0.00 ms.
Unloading 4954 Unused Serialized files (Serialized files now loaded: 0)
Unloading 45 unused Assets / (0.7 MB). Loaded Objects now: 5462.
Memory consumption went from 185.1 MB to 184.4 MB.
Total: 4.437800 ms (FindLiveObjects: 0.345100 ms CreateObjectMapping: 0.309100 ms MarkObjects: 3.387200 ms  DeleteObjects: 0.395400 ms)

AssetImportParameters requested are different than current active one (requested -> active):
  custom:video-decoder-ogg-theora: a1e56fd34408186e4bbccfd4996cb3dc -> 
  custom:container-muxer-webm: aa71ff27fc2769a1b78a27578f13a17b -> 
  custom:container-demuxer-webm: 4f35f7cbe854078d1ac9338744f61a02 -> 
  custom:video-encoder-webm-vp8: eb34c28f22e8b96e1ab97ce403110664 -> 
  custom:audio-encoder-webm-vorbis: bf7c407c2cedff20999df2af8eb42d56 -> 
  custom:framework-win-MediaFoundation: 216162199b28c13a410421893ffa2e32 -> 
  custom:container-demuxer-ogg: 62fdf1f143b41e24485cea50d1cbac27 -> 
  custom:video-decoder-webm-vp8: 9c59270c3fd7afecdb556c50c9e8de78 -> 
  custom:audio-decoder-ogg-vorbis: bf7c407c2cedff20999df2af8eb42d56 -> 
